<?xml version="1.0" encoding="UTF-8"?>
<testng-results skipped="0" failed="0" ignored="0" total="1" passed="1">
  <reporter-output>
  </reporter-output>
  <suite name="Command line suite" duration-ms="164" started-at="2021-03-07T18:20:19 IST" finished-at="2021-03-07T18:20:20 IST">
    <groups>
    </groups>
    <test name="Command line test" duration-ms="164" started-at="2021-03-07T18:20:19 IST" finished-at="2021-03-07T18:20:20 IST">
      <class name="BDD.ApiFramework.AppTest">
        <test-method status="PASS" signature="testApp()" name="testApp" duration-ms="31" started-at="2021-03-07T18:20:20 IST" finished-at="2021-03-07T18:20:20 IST">
          <reporter-output>
          </reporter-output>
        </test-method> <!-- testApp -->
      </class> <!-- BDD.ApiFramework.AppTest -->
    </test> <!-- Command line test -->
  </suite> <!-- Command line suite -->
</testng-results>
